2020-02-17 15:25:33,722 [Worker-4: Loading available Gradle versions] INFO  o.e.b.c.i.u.g.PublishedGradleVersions - Gradle version information cache is up-to-date. Trying to read.
2020-02-17 15:26:42,967 [Worker-4: Creating maven-archetype-quickstart] INFO  o.e.m.c.i.p.ProjectConfigurationManager - Collecting project info '/pom.xml' D:\epam1\cleancode\house construction cost\project.houseconstructioncost\pom.xml
2020-02-17 15:26:44,020 [Worker-4: Creating maven-archetype-quickstart] INFO  o.e.m.c.i.l.LifecycleMappingFactory - Using org.eclipse.m2e.jdt.JarLifecycleMapping lifecycle mapping for MavenProject: com.test:project.houseconstructioncost:0.0.1-SNAPSHOT @ D:\epam1\cleancode\house construction cost\project.houseconstructioncost\pom.xml.
2020-02-17 15:26:44,409 [Worker-4: Creating maven-archetype-quickstart] INFO  o.e.m.j.i.AbstractJavaProjectConfigurator - Adding source folder /project.houseconstructioncost/src/main/java
2020-02-17 15:26:44,414 [Worker-4: Creating maven-archetype-quickstart] INFO  o.e.m.j.i.AbstractJavaProjectConfigurator - Adding source folder /project.houseconstructioncost/src/test/java
2020-02-17 15:26:44,554 [Worker-4: Creating maven-archetype-quickstart] INFO  o.e.m.c.i.p.ProjectConfigurationManager - Imported and configured 1 project(s) in 1 sec
2020-02-17 15:26:45,542 [Worker-7: Building] INFO  o.e.m.c.i.embedder.EclipseLogger - Using 'UTF-8' encoding to copy filtered resources.
2020-02-17 15:26:45,543 [Worker-7: Building] INFO  o.e.m.c.i.embedder.EclipseLogger - skip non existing resourceDirectory D:\epam1\cleancode\house construction cost\project.houseconstructioncost\src\main\resources
2020-02-17 15:26:45,545 [Worker-7: Building] INFO  o.e.m.c.i.embedder.EclipseLogger - Using 'UTF-8' encoding to copy filtered resources.
2020-02-17 15:26:45,546 [Worker-7: Building] INFO  o.e.m.c.i.embedder.EclipseLogger - skip non existing resourceDirectory D:\epam1\cleancode\house construction cost\project.houseconstructioncost\src\test\resources
2020-02-17 15:27:26,885 [Worker-9: Building] INFO  o.e.m.c.i.embedder.EclipseLogger - Using 'UTF-8' encoding to copy filtered resources.
2020-02-17 15:27:26,886 [Worker-9: Building] INFO  o.e.m.c.i.embedder.EclipseLogger - skip non existing resourceDirectory D:\epam1\cleancode\house construction cost\project.houseconstructioncost\src\main\resources
2020-02-17 15:27:26,888 [Worker-9: Building] INFO  o.e.m.c.i.embedder.EclipseLogger - Using 'UTF-8' encoding to copy filtered resources.
2020-02-17 15:27:26,888 [Worker-9: Building] INFO  o.e.m.c.i.embedder.EclipseLogger - skip non existing resourceDirectory D:\epam1\cleancode\house construction cost\project.houseconstructioncost\src\test\resources
2020-02-17 15:39:43,352 [Worker-10: Building] INFO  o.e.m.c.i.embedder.EclipseLogger - Using 'UTF-8' encoding to copy filtered resources.
2020-02-17 15:39:43,353 [Worker-10: Building] INFO  o.e.m.c.i.embedder.EclipseLogger - skip non existing resourceDirectory D:\epam1\cleancode\house construction cost\project.houseconstructioncost\src\main\resources
2020-02-17 15:39:43,355 [Worker-10: Building] INFO  o.e.m.c.i.embedder.EclipseLogger - Using 'UTF-8' encoding to copy filtered resources.
2020-02-17 15:39:43,355 [Worker-10: Building] INFO  o.e.m.c.i.embedder.EclipseLogger - skip non existing resourceDirectory D:\epam1\cleancode\house construction cost\project.houseconstructioncost\src\test\resources
2020-02-17 15:43:36,100 [Worker-5: Building] INFO  o.e.m.c.i.embedder.EclipseLogger - Using 'UTF-8' encoding to copy filtered resources.
2020-02-17 15:43:36,101 [Worker-5: Building] INFO  o.e.m.c.i.embedder.EclipseLogger - skip non existing resourceDirectory D:\epam1\cleancode\house construction cost\project.houseconstructioncost\src\main\resources
2020-02-17 15:43:36,103 [Worker-5: Building] INFO  o.e.m.c.i.embedder.EclipseLogger - Using 'UTF-8' encoding to copy filtered resources.
2020-02-17 15:43:36,103 [Worker-5: Building] INFO  o.e.m.c.i.embedder.EclipseLogger - skip non existing resourceDirectory D:\epam1\cleancode\house construction cost\project.houseconstructioncost\src\test\resources
2020-02-17 15:49:32,134 [Worker-24: Building] INFO  o.e.m.c.i.embedder.EclipseLogger - Using 'UTF-8' encoding to copy filtered resources.
2020-02-17 15:49:32,135 [Worker-24: Building] INFO  o.e.m.c.i.embedder.EclipseLogger - skip non existing resourceDirectory D:\epam1\cleancode\house construction cost\project.houseconstructioncost\src\main\resources
2020-02-17 15:49:32,137 [Worker-24: Building] INFO  o.e.m.c.i.embedder.EclipseLogger - Using 'UTF-8' encoding to copy filtered resources.
2020-02-17 15:49:32,137 [Worker-24: Building] INFO  o.e.m.c.i.embedder.EclipseLogger - skip non existing resourceDirectory D:\epam1\cleancode\house construction cost\project.houseconstructioncost\src\test\resources
2020-02-25 21:51:25,525 [Worker-2: Loading available Gradle versions] INFO  o.e.b.c.i.u.g.PublishedGradleVersions - Gradle version information cache is up-to-date. Trying to read.
2020-02-25 21:53:22,849 [Worker-13: Building] INFO  o.e.m.c.i.l.LifecycleMappingFactory - Using org.eclipse.m2e.jdt.JarLifecycleMapping lifecycle mapping for MavenProject: com.test:project.houseconstructioncost:0.0.1-SNAPSHOT @ D:\epam1\exceptionlogger\houseconstructioncost\project.houseconstructioncost\pom.xml.
2020-02-25 21:53:23,412 [Worker-13: Building] INFO  o.e.m.c.i.embedder.EclipseLogger - Using 'UTF-8' encoding to copy filtered resources.
2020-02-25 21:53:23,412 [Worker-13: Building] INFO  o.e.m.c.i.embedder.EclipseLogger - skip non existing resourceDirectory D:\epam1\exceptionlogger\houseconstructioncost\project.houseconstructioncost\src\main\resources
2020-02-25 21:53:23,414 [Worker-13: Building] INFO  o.e.m.c.i.embedder.EclipseLogger - Using 'UTF-8' encoding to copy filtered resources.
2020-02-25 21:53:23,415 [Worker-13: Building] INFO  o.e.m.c.i.embedder.EclipseLogger - skip non existing resourceDirectory D:\epam1\exceptionlogger\houseconstructioncost\project.houseconstructioncost\src\test\resources
2020-02-25 21:53:24,633 [Worker-6: Updating Maven Project] INFO  o.e.m.c.i.p.ProjectConfigurationManager - Update started
2020-02-25 21:53:25,159 [Worker-6: Updating Maven Project] INFO  o.e.m.c.i.l.LifecycleMappingFactory - Using org.eclipse.m2e.jdt.JarLifecycleMapping lifecycle mapping for MavenProject: com.test:project.houseconstructioncost:0.0.1-SNAPSHOT @ D:\epam1\exceptionlogger\houseconstructioncost\project.houseconstructioncost\pom.xml.
2020-02-25 21:53:25,334 [Worker-6: Updating Maven Project] INFO  o.e.m.j.i.AbstractJavaProjectConfigurator - Adding source folder /project.houseconstructioncost/src/main/java
2020-02-25 21:53:25,336 [Worker-6: Updating Maven Project] INFO  o.e.m.j.i.AbstractJavaProjectConfigurator - Adding source folder /project.houseconstructioncost/src/test/java
2020-02-25 21:53:25,455 [Worker-6: Updating Maven Project] INFO  o.e.m.c.i.p.ProjectConfigurationManager - Update completed: 0 sec
2020-02-25 21:53:25,659 [Worker-24: Building] INFO  o.e.m.c.i.embedder.EclipseLogger - Using 'UTF-8' encoding to copy filtered resources.
2020-02-25 21:53:25,659 [Worker-24: Building] INFO  o.e.m.c.i.embedder.EclipseLogger - skip non existing resourceDirectory D:\epam1\exceptionlogger\houseconstructioncost\project.houseconstructioncost\src\main\resources
2020-02-25 21:53:25,662 [Worker-24: Building] INFO  o.e.m.c.i.embedder.EclipseLogger - Using 'UTF-8' encoding to copy filtered resources.
2020-02-25 21:53:25,662 [Worker-24: Building] INFO  o.e.m.c.i.embedder.EclipseLogger - skip non existing resourceDirectory D:\epam1\exceptionlogger\houseconstructioncost\project.houseconstructioncost\src\test\resources
2020-02-25 21:58:49,215 [Worker-9: Building] INFO  o.e.m.c.i.embedder.EclipseLogger - Using 'UTF-8' encoding to copy filtered resources.
2020-02-25 21:58:49,215 [Worker-9: Building] INFO  o.e.m.c.i.embedder.EclipseLogger - skip non existing resourceDirectory D:\epam1\exceptionlogger\houseconstructioncost\project.houseconstructioncost\src\main\resources
2020-02-25 21:58:49,216 [Worker-9: Building] INFO  o.e.m.c.i.embedder.EclipseLogger - Using 'UTF-8' encoding to copy filtered resources.
2020-02-25 21:58:49,217 [Worker-9: Building] INFO  o.e.m.c.i.embedder.EclipseLogger - skip non existing resourceDirectory D:\epam1\exceptionlogger\houseconstructioncost\project.houseconstructioncost\src\test\resources
2020-02-25 21:59:43,228 [Worker-23: Building] INFO  o.e.m.c.i.embedder.EclipseLogger - Using 'UTF-8' encoding to copy filtered resources.
2020-02-25 21:59:43,254 [Worker-23: Building] INFO  o.e.m.c.i.embedder.EclipseLogger - Copying 0 resource
2020-02-25 21:59:43,257 [Worker-23: Building] INFO  o.e.m.c.i.embedder.EclipseLogger - Using 'UTF-8' encoding to copy filtered resources.
2020-02-25 21:59:43,257 [Worker-23: Building] INFO  o.e.m.c.i.embedder.EclipseLogger - skip non existing resourceDirectory D:\epam1\exceptionlogger\houseconstructioncost\project.houseconstructioncost\src\test\resources
2020-02-25 22:00:04,563 [Worker-13: Building] INFO  o.e.m.c.i.embedder.EclipseLogger - Using 'UTF-8' encoding to copy filtered resources.
2020-02-25 22:00:04,564 [Worker-13: Building] INFO  o.e.m.c.i.embedder.EclipseLogger - Copying 1 resource
2020-02-25 22:00:04,575 [Worker-13: Building] INFO  o.e.m.c.i.embedder.EclipseLogger - Using 'UTF-8' encoding to copy filtered resources.
2020-02-25 22:00:04,577 [Worker-13: Building] INFO  o.e.m.c.i.embedder.EclipseLogger - skip non existing resourceDirectory D:\epam1\exceptionlogger\houseconstructioncost\project.houseconstructioncost\src\test\resources
2020-02-25 22:01:47,226 [Worker-6: Building] INFO  o.e.m.c.i.embedder.EclipseLogger - Using 'UTF-8' encoding to copy filtered resources.
2020-02-25 22:01:47,232 [Worker-6: Building] INFO  o.e.m.c.i.embedder.EclipseLogger - Copying 1 resource
2020-02-25 22:01:47,237 [Worker-6: Building] INFO  o.e.m.c.i.embedder.EclipseLogger - Using 'UTF-8' encoding to copy filtered resources.
2020-02-25 22:01:47,238 [Worker-6: Building] INFO  o.e.m.c.i.embedder.EclipseLogger - skip non existing resourceDirectory D:\epam1\exceptionlogger\houseconstructioncost\project.houseconstructioncost\src\test\resources
2020-02-25 22:05:49,677 [Worker-10: Building] INFO  o.e.m.c.i.embedder.EclipseLogger - Using 'UTF-8' encoding to copy filtered resources.
2020-02-25 22:05:49,678 [Worker-10: Building] INFO  o.e.m.c.i.embedder.EclipseLogger - Copying 1 resource
2020-02-25 22:05:49,680 [Worker-10: Building] INFO  o.e.m.c.i.embedder.EclipseLogger - Using 'UTF-8' encoding to copy filtered resources.
2020-02-25 22:05:49,680 [Worker-10: Building] INFO  o.e.m.c.i.embedder.EclipseLogger - skip non existing resourceDirectory D:\epam1\exceptionlogger\houseconstructioncost\project.houseconstructioncost\src\test\resources
2020-02-25 22:06:23,231 [Worker-9: Building] INFO  o.e.m.c.i.embedder.EclipseLogger - Using 'UTF-8' encoding to copy filtered resources.
2020-02-25 22:06:23,233 [Worker-9: Building] INFO  o.e.m.c.i.embedder.EclipseLogger - Copying 1 resource
2020-02-25 22:06:23,239 [Worker-9: Building] INFO  o.e.m.c.i.embedder.EclipseLogger - Using 'UTF-8' encoding to copy filtered resources.
2020-02-25 22:06:23,239 [Worker-9: Building] INFO  o.e.m.c.i.embedder.EclipseLogger - skip non existing resourceDirectory D:\epam1\exceptionlogger\houseconstructioncost\project.houseconstructioncost\src\test\resources
2020-02-25 22:07:49,498 [Worker-26: Building] INFO  o.e.m.c.i.embedder.EclipseLogger - Using 'UTF-8' encoding to copy filtered resources.
2020-02-25 22:07:49,499 [Worker-26: Building] INFO  o.e.m.c.i.embedder.EclipseLogger - Copying 1 resource
2020-02-25 22:07:49,501 [Worker-26: Building] INFO  o.e.m.c.i.embedder.EclipseLogger - Using 'UTF-8' encoding to copy filtered resources.
2020-02-25 22:07:49,502 [Worker-26: Building] INFO  o.e.m.c.i.embedder.EclipseLogger - skip non existing resourceDirectory D:\epam1\exceptionlogger\houseconstructioncost\project.houseconstructioncost\src\test\resources
2020-02-25 22:09:06,802 [Worker-13: Building] INFO  o.e.m.c.i.embedder.EclipseLogger - Using 'UTF-8' encoding to copy filtered resources.
2020-02-25 22:09:06,803 [Worker-13: Building] INFO  o.e.m.c.i.embedder.EclipseLogger - Copying 1 resource
2020-02-25 22:09:06,804 [Worker-13: Building] INFO  o.e.m.c.i.embedder.EclipseLogger - Using 'UTF-8' encoding to copy filtered resources.
2020-02-25 22:09:06,805 [Worker-13: Building] INFO  o.e.m.c.i.embedder.EclipseLogger - skip non existing resourceDirectory D:\epam1\exceptionlogger\houseconstructioncost\project.houseconstructioncost\src\test\resources
2020-02-25 22:09:15,698 [Worker-26: Building] INFO  o.e.m.c.i.embedder.EclipseLogger - Using 'UTF-8' encoding to copy filtered resources.
2020-02-25 22:09:15,700 [Worker-26: Building] INFO  o.e.m.c.i.embedder.EclipseLogger - Copying 1 resource
2020-02-25 22:09:15,703 [Worker-26: Building] INFO  o.e.m.c.i.embedder.EclipseLogger - Using 'UTF-8' encoding to copy filtered resources.
2020-02-25 22:09:15,704 [Worker-26: Building] INFO  o.e.m.c.i.embedder.EclipseLogger - skip non existing resourceDirectory D:\epam1\exceptionlogger\houseconstructioncost\project.houseconstructioncost\src\test\resources
2020-02-25 22:15:17,253 [Worker-13: Building] INFO  o.e.m.c.i.embedder.EclipseLogger - Using 'UTF-8' encoding to copy filtered resources.
2020-02-25 22:15:17,254 [Worker-13: Building] INFO  o.e.m.c.i.embedder.EclipseLogger - Copying 1 resource
2020-02-25 22:15:17,258 [Worker-13: Building] INFO  o.e.m.c.i.embedder.EclipseLogger - Using 'UTF-8' encoding to copy filtered resources.
2020-02-25 22:15:17,258 [Worker-13: Building] INFO  o.e.m.c.i.embedder.EclipseLogger - skip non existing resourceDirectory D:\epam1\exceptionlogger\houseconstructioncost\project.houseconstructioncost\src\test\resources
2020-02-25 22:16:20,417 [Worker-26: Building] INFO  o.e.m.c.i.embedder.EclipseLogger - Using 'UTF-8' encoding to copy filtered resources.
2020-02-25 22:16:20,418 [Worker-26: Building] INFO  o.e.m.c.i.embedder.EclipseLogger - Copying 1 resource
2020-02-25 22:16:20,423 [Worker-26: Building] INFO  o.e.m.c.i.embedder.EclipseLogger - Using 'UTF-8' encoding to copy filtered resources.
2020-02-25 22:16:20,423 [Worker-26: Building] INFO  o.e.m.c.i.embedder.EclipseLogger - skip non existing resourceDirectory D:\epam1\exceptionlogger\houseconstructioncost\project.houseconstructioncost\src\test\resources
